--- Session Start: Tue Feb 24 10:42:58 CST 2026 ---
[0;32mđź“… Virtual Environment activated.[0m
[0;36mâ„ąď¸Ź Running Analysis Engine: rainfall_review.py[0m
âś… [INIT] Local CoreService resolved: /home/reza/PycharmProjects/noaa/utilities
đź”Ť Initializing Core Services... [Config: /home/reza/PycharmProjects/noaa/swpc/config.toml]
âś… Configuration loaded successfully.
đź“Š Analyzing 10-year seasonal trends for Station: GHCND:USW00053914
đź“ˇ Connecting to MariaDB at raspbari5.parkcircus.org...
đź“ˇ Cache miss/incomplete for 2026. Querying NOAA CDO API...
âťŚ Error during historical fetch for 2026: <class 'method'> is not convertible to datetime, at position 0
đź“ˇ Connecting to MariaDB at raspbari5.parkcircus.org...
đź“ˇ Cache miss/incomplete for 2025. Querying NOAA CDO API...
âťŚ Error during historical fetch for 2025: HTTPSConnectionPool(host='www.ncdc.noaa.gov', port=443): Read timed out. (read timeout=30)
đź“ˇ Connecting to MariaDB at raspbari5.parkcircus.org...
đź“ˇ Cache miss/incomplete for 2024. Querying NOAA CDO API...
âťŚ Error during historical fetch for 2024: <class 'method'> is not convertible to datetime, at position 0
đź“ˇ Connecting to MariaDB at raspbari5.parkcircus.org...
đź“ˇ Cache miss/incomplete for 2023. Querying NOAA CDO API...
âťŚ Error during historical fetch for 2023: <class 'method'> is not convertible to datetime, at position 0
đź“ˇ Connecting to MariaDB at raspbari5.parkcircus.org...
đź“ˇ Cache miss/incomplete for 2022. Querying NOAA CDO API...
âťŚ Error during historical fetch for 2022: <class 'method'> is not convertible to datetime, at position 0
đź“ˇ Connecting to MariaDB at raspbari5.parkcircus.org...
đź“ˇ Cache miss/incomplete for 2021. Querying NOAA CDO API...
âťŚ Error during historical fetch for 2021: <class 'method'> is not convertible to datetime, at position 0
đź“ˇ Connecting to MariaDB at raspbari5.parkcircus.org...
đź“ˇ Cache miss/incomplete for 2020. Querying NOAA CDO API...
âťŚ Error during historical fetch for 2020: <class 'method'> is not convertible to datetime, at position 0
đź“ˇ Connecting to MariaDB at raspbari5.parkcircus.org...
đź“ˇ Cache miss/incomplete for 2019. Querying NOAA CDO API...
âťŚ Error during historical fetch for 2019: <class 'method'> is not convertible to datetime, at position 0
đź“ˇ Connecting to MariaDB at raspbari5.parkcircus.org...
đź“ˇ Cache miss/incomplete for 2018. Querying NOAA CDO API...
âťŚ Error during historical fetch for 2018: <class 'method'> is not convertible to datetime, at position 0
đź“ˇ Connecting to MariaDB at raspbari5.parkcircus.org...
đź“ˇ Cache miss/incomplete for 2017. Querying NOAA CDO API...
âťŚ Error during historical fetch for 2017: <class 'method'> is not convertible to datetime, at position 0
âťŚ Processing Aborted: No valid data found in Cache or API.
[0;32mđź“… Monthly Review Dispatched Successfully.[0m
--- Session End: Success ---
--- Session Start: Tue Feb 24 10:47:32 CST 2026 ---
[0;32mđź“… Virtual Environment activated.[0m
[0;36mâ„ąď¸Ź Running Analysis Engine: rainfall_review.py[0m
--- Session Start: Tue Feb 24 10:52:34 CST 2026 ---
[0;32mđź“… Virtual Environment activated.[0m
[0;36mâ„ąď¸Ź Running Analysis Engine: rainfall_review.py[0m
--- Session Start: Tue Feb 24 10:57:47 CST 2026 ---
[0;32mđź“… Virtual Environment activated.[0m
[0;36mâ„ąď¸Ź Running Analysis Engine: rainfall_review.py[0m
âś… [INIT] Local CoreService resolved: /home/reza/PycharmProjects/noaa/utilities
đź“ˇ Cache miss/low density for 2026. Querying NOAA CDO...
đź“ˇ Cache miss/low density for 2020. Querying NOAA CDO...
đź“ˇ Cache miss/low density for 2019. Querying NOAA CDO...
đź“ˇ Cache miss/low density for 2018. Querying NOAA CDO...
đź“ˇ Cache miss/low density for 2017. Querying NOAA CDO...
âťŚ [SMTP ERROR] Dispatch failed: 'host'
[0;32mđź“… Monthly Review Dispatched Successfully.[0m
--- Session End: Success ---
--- Session Start: Tue Feb 24 11:08:28 CST 2026 ---
[0;32mđź“… Virtual Environment activated.[0m
[0;36mâ„ąď¸Ź Running Analysis Engine: rainfall_review.py[0m
âś… [INIT] Local CoreService resolved: /home/reza/PycharmProjects/noaa/utilities
âś… Configuration loaded: /home/reza/PycharmProjects/noaa/swpc/config.toml
đź“Š Analyzing 10-year seasonal trends for Station: GHCND:USW00053914
âťŚ Error during historical fetch for 2026: '<=' not supported between instances of 'method' and 'method'
âťŚ Error during historical fetch for 2025: '<=' not supported between instances of 'method' and 'method'
âťŚ Error during historical fetch for 2024: '<=' not supported between instances of 'method' and 'method'
âťŚ Error during historical fetch for 2023: '<=' not supported between instances of 'method' and 'method'
âťŚ Error during historical fetch for 2022: '<=' not supported between instances of 'method' and 'method'
âťŚ Error during historical fetch for 2021: '<=' not supported between instances of 'method' and 'method'
âťŚ Error during historical fetch for 2020: '<=' not supported between instances of 'method' and 'method'
âťŚ Error during historical fetch for 2019: '<=' not supported between instances of 'method' and 'method'
âťŚ Error during historical fetch for 2018: '<=' not supported between instances of 'method' and 'method'
âťŚ Error during historical fetch for 2017: '<=' not supported between instances of 'method' and 'method'
âťŚ Processing Aborted: No valid data found.
[0;32mđź“… Monthly Review Dispatched Successfully.[0m
--- Session End: Success ---
--- Session Start: Tue Feb 24 11:11:02 CST 2026 ---
[0;32mđź“… Virtual Environment activated.[0m
[0;36mâ„ąď¸Ź Running Analysis Engine: rainfall_review.py[0m
âś… [INIT] Local CoreService resolved: /home/reza/PycharmProjects/noaa/utilities
âś… Configuration loaded: /home/reza/PycharmProjects/noaa/swpc/config.toml
đź“Š Analyzing 10-year seasonal trends for Station: GHCND:USW00053914
âś… [SUCCESS] Visual report generated: /home/reza/Videos/satellite/weather/data/rainfall_review_10y.png
âťŚ [SMTP ERROR] Dispatch failed: [SSL: WRONG_VERSION_NUMBER] wrong version number (_ssl.c:1033)
[0;32mđź“… Monthly Review Dispatched Successfully.[0m
--- Session End: Success ---
--- Session Start: Tue Feb 24 11:13:25 CST 2026 ---
[0;32mđź“… Virtual Environment activated.[0m
[0;36mâ„ąď¸Ź Running Analysis Engine: rainfall_review.py[0m
âś… [INIT] Local CoreService resolved: /home/reza/PycharmProjects/noaa/utilities
âś… Configuration loaded: /home/reza/PycharmProjects/noaa/swpc/config.toml
đź“Š Analyzing 10-year seasonal trends for Station: GHCND:USW00053914
âś… [SUCCESS] Visual report generated: /home/reza/Videos/satellite/weather/data/rainfall_review_10y.png
âś¨ Email dispatched successfully.
[0;32mđź“… Monthly Review Dispatched Successfully.[0m
--- Session End: Success ---
--- Session Start: Sun Mar  1 03:00:01 CST 2026 ---
[0;32mđź“… Virtual Environment activated.[0m
[0;36mâ„ąď¸Ź Running Analysis Engine: rainfall_review.py[0m
âś… [INIT] Local CoreService resolved: /home/reza/PycharmProjects/noaa/utilities
âťŚ [CRITICAL] Configuration file missing: /home/reza/PycharmProjects/noaa/swpc/config.toml
[0;31mâš ď¸Ź Monthly Review encountered an exception. See logs above.[0m
--- Session End: Failure ---
--- Session Start: Sun Mar  1 09:23:28 CST 2026 ---
[0;32mđź“… Virtual Environment activated.[0m
[0;36mâ„ąď¸Ź Running Analysis Engine: rainfall_review.py[0m
âś… Configuration loaded & sanitized: /home/reza/PycharmProjects/noaa/config.toml
đź—„ď¸Ź Scanning MariaDB for historical records for GHCND:USW00053914...
[0;31mâš ď¸Ź Monthly Review encountered an exception. See logs above.[0m
--- Session End: Failure ---
--- Session Start: Sun Mar  1 09:28:02 CST 2026 ---
[0;32mđź“… Virtual Environment activated.[0m
[0;36mâ„ąď¸Ź Running Analysis Engine: rainfall_review.py[0m
âś… Configuration loaded & sanitized: /home/reza/PycharmProjects/noaa/config.toml
đź—„ď¸Ź Scanning MariaDB for historical records for GHCND:USW00053914...
âš ď¸Ź Cache empty. Falling back to NOAA CDO API (Limited window)...
âťŚ No data available to generate report.
[0;32mđź“… Monthly Review Dispatched Successfully.[0m
--- Session End: Success ---
--- Session Start: Sun Mar  1 09:35:11 CST 2026 ---
[0;32mđź“… Virtual Environment activated.[0m
[0;36mâ„ąď¸Ź Running Analysis Engine: rainfall_review.py[0m
âś… Configuration loaded & sanitized: /home/reza/PycharmProjects/noaa/config.toml
đź—„ď¸Ź Scanning MariaDB for historical records for GHCND:USW00053914...
đźŽ¨ Report generated: /home/reza/Videos/satellite/weather/data/rainfall_review_GHCND:USW00053914.png
âś¨ Email dispatched successfully.
[0;32mđź“… Monthly Review Dispatched Successfully.[0m
--- Session End: Success ---
