[0;34m[2026-02-04 17:52:42][0m ------------------------------------------------------------
[0;34m[2026-02-04 17:52:42][0m Starting GOES Retrieval Wrapper...
[0;34m[2026-02-04 17:52:42][0m Executing: retrieve_goes.py
[0;32m[1m[SUCCESS][0m GOES retrieval cycle completed successfully.
[0;34m[2026-02-04 17:52:45][0m GOES Retrieval Wrapper Finished.
[0;34m[2026-02-04 17:52:45][0m ------------------------------------------------------------
[0;34m[2026-02-04 19:11:36][0m Starting GOES Retrieval Cycle...
[0;34m[2026-02-04 19:11:42][0m [0;32mSuccess:[0m Retrieval cycle finished.
[0;34m[2026-02-04 19:20:01][0m Starting GOES Retrieval Cycle...
[0;34m[2026-02-04 19:20:05][0m [0;32mSuccess:[0m Retrieval cycle finished.
[0;34m[2026-02-04 19:30:01][0m Starting GOES Retrieval Cycle...
[0;34m[2026-02-04 19:30:05][0m [0;32mSuccess:[0m Retrieval cycle finished.
[0;34m[2026-02-04 19:40:01][0m Starting GOES Retrieval Cycle...
[0;34m[2026-02-04 19:40:03][0m [0;32mSuccess:[0m Retrieval cycle finished.
[0;34m[2026-02-04 19:50:01][0m Starting GOES Retrieval Cycle...
[0;34m[2026-02-04 19:50:06][0m [0;32mSuccess:[0m Retrieval cycle finished.
[0;34m[2026-02-04 20:00:01][0m Starting GOES Retrieval Cycle...
[0;34m[2026-02-04 20:00:08][0m [0;32mSuccess:[0m Retrieval cycle finished.
[0;34m[2026-02-04 20:10:01][0m Starting GOES Retrieval Cycle...
[0;34m[2026-02-04 20:10:05][0m [0;32mSuccess:[0m Retrieval cycle finished.
[0;34m[2026-02-04 20:20:01][0m Starting GOES Retrieval Cycle...
[0;34m[2026-02-04 20:20:02][0m [0;32mSuccess:[0m Retrieval cycle finished.
[0;34m[2026-02-04 20:30:01][0m Starting GOES Retrieval Cycle...
[0;34m[2026-02-04 20:30:06][0m [0;32mSuccess:[0m Retrieval cycle finished.
[0;34m[2026-02-04 20:40:01][0m Starting GOES Retrieval Cycle...
[0;34m[2026-02-04 20:40:06][0m [0;32mSuccess:[0m Retrieval cycle finished.
[0;34m[2026-02-04 20:50:01][0m Starting GOES Retrieval Cycle...
[0;34m[2026-02-04 20:50:05][0m [0;32mSuccess:[0m Retrieval cycle finished.
[0;34m[2026-02-04 21:00:02][0m Starting GOES Retrieval Cycle...
[0;34m[2026-02-04 21:00:05][0m [0;32mSuccess:[0m Retrieval cycle finished.
[0;34m[2026-02-04 21:10:01][0m Starting GOES Retrieval Cycle...
[0;34m[2026-02-04 21:10:06][0m [0;32mSuccess:[0m Retrieval cycle finished.
[0;34m[2026-02-04 21:20:02][0m Starting GOES Retrieval Cycle...
[0;34m[2026-02-04 21:20:05][0m [0;32mSuccess:[0m Retrieval cycle finished.
[0;34m[2026-02-04 21:30:01][0m Starting GOES Retrieval Cycle...
[0;34m[2026-02-04 21:30:05][0m [0;32mSuccess:[0m Retrieval cycle finished.
[0;34m[2026-02-04 21:40:01][0m Starting GOES Retrieval Cycle...
[0;34m[2026-02-04 21:40:03][0m [0;32mSuccess:[0m Retrieval cycle finished.
[0;34m[2026-02-04 21:50:02][0m Starting GOES Retrieval Cycle...
[0;34m[2026-02-04 21:50:04][0m [0;32mSuccess:[0m Retrieval cycle finished.
[0;34m[2026-02-04 22:00:01][0m Starting GOES Retrieval Cycle...
[0;34m[2026-02-04 22:00:06][0m [0;32mSuccess:[0m Retrieval cycle finished.
[0;34m[2026-02-04 22:10:01][0m Starting GOES Retrieval Cycle...
[0;34m[2026-02-04 22:10:06][0m [0;32mSuccess:[0m Retrieval cycle finished.
[0;34m[2026-02-04 22:20:01][0m Starting GOES Retrieval Cycle...
[0;34m[2026-02-04 22:20:03][0m [0;32mSuccess:[0m Retrieval cycle finished.
[0;34m[2026-02-04 22:30:01][0m Starting GOES Retrieval Cycle...
[0;34m[2026-02-04 22:30:05][0m [0;32mSuccess:[0m Retrieval cycle finished.
[0;34m[2026-02-04 22:40:01][0m Starting GOES Retrieval Cycle...
[0;34m[2026-02-04 22:40:05][0m [0;32mSuccess:[0m Retrieval cycle finished.
[0;34m[2026-02-04 22:50:01][0m Starting GOES Retrieval Cycle...
[0;34m[2026-02-04 22:50:03][0m [0;32mSuccess:[0m Retrieval cycle finished.
[0;34m[2026-02-04 23:00:01][0m Starting GOES Retrieval Cycle...
[0;34m[2026-02-04 23:00:04][0m [0;32mSuccess:[0m Retrieval cycle finished.
[0;34m[2026-02-04 23:10:01][0m Starting GOES Retrieval Cycle...
[0;34m[2026-02-04 23:10:07][0m [0;32mSuccess:[0m Retrieval cycle finished.
[0;34m[2026-02-04 23:20:01][0m Starting GOES Retrieval Cycle...
[0;34m[2026-02-04 23:20:04][0m [0;32mSuccess:[0m Retrieval cycle finished.
[0;34m[2026-02-04 23:30:01][0m Starting GOES Retrieval Cycle...
[0;34m[2026-02-04 23:30:04][0m [0;32mSuccess:[0m Retrieval cycle finished.
[0;34m[2026-02-04 23:40:01][0m Starting GOES Retrieval Cycle...
[0;34m[2026-02-04 23:40:06][0m [0;32mSuccess:[0m Retrieval cycle finished.
[0;34m[2026-02-04 23:50:01][0m Starting GOES Retrieval Cycle...
[0;34m[2026-02-04 23:50:05][0m [0;32mSuccess:[0m Retrieval cycle finished.
[0;34m[2026-02-05 00:00:01][0m Starting GOES Retrieval Cycle...
[0;34m[2026-02-05 00:00:05][0m [0;32mSuccess:[0m Retrieval cycle finished.
[0;34m[2026-02-05 00:10:01][0m Starting GOES Retrieval Cycle...
[0;34m[2026-02-05 00:10:06][0m [0;32mSuccess:[0m Retrieval cycle finished.
[0;34m[2026-02-05 00:20:01][0m Starting GOES Retrieval Cycle...
[0;34m[2026-02-05 00:20:05][0m [0;32mSuccess:[0m Retrieval cycle finished.
[0;34m[2026-02-05 00:30:01][0m Starting GOES Retrieval Cycle...
[0;34m[2026-02-05 00:30:06][0m [0;32mSuccess:[0m Retrieval cycle finished.
[0;34m[2026-02-05 00:40:01][0m Starting GOES Retrieval Cycle...
[0;34m[2026-02-05 00:40:05][0m [0;32mSuccess:[0m Retrieval cycle finished.
[0;34m[2026-02-05 00:50:01][0m Starting GOES Retrieval Cycle...
[0;34m[2026-02-05 00:50:05][0m [0;32mSuccess:[0m Retrieval cycle finished.
[0;34m[2026-02-05 01:00:01][0m Starting GOES Retrieval Cycle...
[0;34m[2026-02-05 01:00:06][0m [0;32mSuccess:[0m Retrieval cycle finished.
[0;34m[2026-02-05 01:10:01][0m Starting GOES Retrieval Cycle...
[0;34m[2026-02-05 01:10:05][0m [0;32mSuccess:[0m Retrieval cycle finished.
[0;34m[2026-02-05 01:20:01][0m Starting GOES Retrieval Cycle...
[0;34m[2026-02-05 01:20:07][0m [0;32mSuccess:[0m Retrieval cycle finished.
[0;34m[2026-02-05 01:30:01][0m Starting GOES Retrieval Cycle...
[0;34m[2026-02-05 01:30:06][0m [0;32mSuccess:[0m Retrieval cycle finished.
[0;34m[2026-02-05 01:40:01][0m Starting GOES Retrieval Cycle...
[0;34m[2026-02-05 01:40:05][0m [0;32mSuccess:[0m Retrieval cycle finished.
[0;34m[2026-02-05 01:50:01][0m Starting GOES Retrieval Cycle...
[0;34m[2026-02-05 01:50:06][0m [0;32mSuccess:[0m Retrieval cycle finished.
[0;34m[2026-02-05 02:00:01][0m Starting GOES Retrieval Cycle...
[0;34m[2026-02-05 02:00:05][0m [0;32mSuccess:[0m Retrieval cycle finished.
[0;34m[2026-02-05 02:10:01][0m Starting GOES Retrieval Cycle...
[0;34m[2026-02-05 02:10:06][0m [0;32mSuccess:[0m Retrieval cycle finished.
[0;34m[2026-02-05 02:20:01][0m Starting GOES Retrieval Cycle...
[0;34m[2026-02-05 02:20:05][0m [0;32mSuccess:[0m Retrieval cycle finished.
[0;34m[2026-02-05 02:30:01][0m Starting GOES Retrieval Cycle...
[0;34m[2026-02-05 02:30:05][0m [0;32mSuccess:[0m Retrieval cycle finished.
[0;34m[2026-02-05 02:40:02][0m Starting GOES Retrieval Cycle...
[0;34m[2026-02-05 02:40:06][0m [0;32mSuccess:[0m Retrieval cycle finished.
[0;34m[2026-02-05 02:50:01][0m Starting GOES Retrieval Cycle...
[0;34m[2026-02-05 02:50:05][0m [0;32mSuccess:[0m Retrieval cycle finished.
[0;34m[2026-02-05 03:00:01][0m Starting GOES Retrieval Cycle...
[0;34m[2026-02-05 03:00:06][0m [0;32mSuccess:[0m Retrieval cycle finished.
[0;34m[2026-02-05 03:10:01][0m Starting GOES Retrieval Cycle...
[0;34m[2026-02-05 03:10:06][0m [0;32mSuccess:[0m Retrieval cycle finished.
[0;34m[2026-02-05 03:20:01][0m Starting GOES Retrieval Cycle...
[0;34m[2026-02-05 03:20:08][0m [0;32mSuccess:[0m Retrieval cycle finished.
[0;34m[2026-02-05 03:30:01][0m Starting GOES Retrieval Cycle...
[0;34m[2026-02-05 03:30:06][0m [0;32mSuccess:[0m Retrieval cycle finished.
[0;34m[2026-02-05 03:40:01][0m Starting GOES Retrieval Cycle...
[0;34m[2026-02-05 03:40:05][0m [0;32mSuccess:[0m Retrieval cycle finished.
[0;34m[2026-02-05 03:50:01][0m Starting GOES Retrieval Cycle...
[0;34m[2026-02-05 03:50:05][0m [0;32mSuccess:[0m Retrieval cycle finished.
[0;34m[2026-02-05 04:00:01][0m Starting GOES Retrieval Cycle...
[0;34m[2026-02-05 04:00:07][0m [0;32mSuccess:[0m Retrieval cycle finished.
[0;34m[2026-02-05 04:10:01][0m Starting GOES Retrieval Cycle...
[0;34m[2026-02-05 04:10:05][0m [0;32mSuccess:[0m Retrieval cycle finished.
[0;34m[2026-02-05 04:20:01][0m Starting GOES Retrieval Cycle...
[0;34m[2026-02-05 04:20:05][0m [0;32mSuccess:[0m Retrieval cycle finished.
[0;34m[2026-02-05 04:30:01][0m Starting GOES Retrieval Cycle...
[0;34m[2026-02-05 04:30:06][0m [0;32mSuccess:[0m Retrieval cycle finished.
[0;34m[2026-02-05 04:40:01][0m Starting GOES Retrieval Cycle...
[0;34m[2026-02-05 04:40:06][0m [0;32mSuccess:[0m Retrieval cycle finished.
[0;34m[2026-02-05 04:50:01][0m Starting GOES Retrieval Cycle...
[0;34m[2026-02-05 04:50:05][0m [0;32mSuccess:[0m Retrieval cycle finished.
[0;34m[2026-02-05 05:00:01][0m Starting GOES Retrieval Cycle...
[0;34m[2026-02-05 05:00:08][0m [0;32mSuccess:[0m Retrieval cycle finished.
[0;34m[2026-02-05 05:10:01][0m Starting GOES Retrieval Cycle...
[0;34m[2026-02-05 05:10:06][0m [0;32mSuccess:[0m Retrieval cycle finished.
[0;34m[2026-02-05 05:20:01][0m Starting GOES Retrieval Cycle...
[0;34m[2026-02-05 05:20:06][0m [0;32mSuccess:[0m Retrieval cycle finished.
[0;34m[2026-02-05 05:30:01][0m Starting GOES Retrieval Cycle...
[0;34m[2026-02-05 05:30:07][0m [0;32mSuccess:[0m Retrieval cycle finished.
[0;34m[2026-02-05 05:40:01][0m Starting GOES Retrieval Cycle...
[0;34m[2026-02-05 05:40:05][0m [0;32mSuccess:[0m Retrieval cycle finished.
[0;34m[2026-02-05 05:50:01][0m Starting GOES Retrieval Cycle...
[0;34m[2026-02-05 05:50:06][0m [0;32mSuccess:[0m Retrieval cycle finished.
[0;34m[2026-02-05 06:00:01][0m Starting GOES Retrieval Cycle...
[0;34m[2026-02-05 06:00:08][0m [0;32mSuccess:[0m Retrieval cycle finished.
[0;34m[2026-02-05 06:10:01][0m Starting GOES Retrieval Cycle...
[0;34m[2026-02-05 06:10:06][0m [0;32mSuccess:[0m Retrieval cycle finished.
[0;34m[2026-02-05 06:20:01][0m Starting GOES Retrieval Cycle...
[0;34m[2026-02-05 06:20:06][0m [0;32mSuccess:[0m Retrieval cycle finished.
[0;34m[2026-02-05 06:30:01][0m Starting GOES Retrieval Cycle...
[0;34m[2026-02-05 06:30:07][0m [0;32mSuccess:[0m Retrieval cycle finished.
[0;34m[2026-02-05 06:40:01][0m Starting GOES Retrieval Cycle...
[0;34m[2026-02-05 06:40:06][0m [0;32mSuccess:[0m Retrieval cycle finished.
[0;34m[2026-02-05 06:50:01][0m Starting GOES Retrieval Cycle...
[0;34m[2026-02-05 06:50:06][0m [0;32mSuccess:[0m Retrieval cycle finished.
[0;34m[2026-02-05 07:00:01][0m Starting GOES Retrieval Cycle...
[0;34m[2026-02-05 07:00:09][0m [0;32mSuccess:[0m Retrieval cycle finished.
[0;34m[2026-02-05 07:10:01][0m Starting GOES Retrieval Cycle...
[0;34m[2026-02-05 07:10:07][0m [0;32mSuccess:[0m Retrieval cycle finished.
[0;34m[2026-02-05 07:20:01][0m Starting GOES Retrieval Cycle...
[0;34m[2026-02-05 07:20:11][0m [0;32mSuccess:[0m Retrieval cycle finished.
[0;34m[2026-02-05 07:30:01][0m Starting GOES Retrieval Cycle...
[0;34m[2026-02-05 07:30:12][0m [0;32mSuccess:[0m Retrieval cycle finished.
[0;34m[2026-02-05 07:40:01][0m Starting GOES Retrieval Cycle...
[0;34m[2026-02-05 07:40:10][0m [0;32mSuccess:[0m Retrieval cycle finished.
[0;34m[2026-02-05 07:50:01][0m Starting GOES Retrieval Cycle...
[0;34m[2026-02-05 07:50:06][0m [0;32mSuccess:[0m Retrieval cycle finished.
[0;34m[2026-02-05 08:00:01][0m Starting GOES Retrieval Cycle...
[0;34m[2026-02-05 08:00:07][0m [0;32mSuccess:[0m Retrieval cycle finished.
[0;34m[2026-02-05 08:10:01][0m Starting GOES Retrieval Cycle...
[0;34m[2026-02-05 08:10:08][0m [0;32mSuccess:[0m Retrieval cycle finished.
[0;34m[2026-02-05 08:20:01][0m Starting GOES Retrieval Cycle...
[0;34m[2026-02-05 08:20:06][0m [0;32mSuccess:[0m Retrieval cycle finished.
[0;34m[2026-02-05 08:30:01][0m Starting GOES Retrieval Cycle...
[0;34m[2026-02-05 08:30:08][0m [0;32mSuccess:[0m Retrieval cycle finished.
[0;34m[2026-02-05 08:40:01][0m Starting GOES Retrieval Cycle...
[0;34m[2026-02-05 08:40:06][0m [0;32mSuccess:[0m Retrieval cycle finished.
[0;34m[2026-02-05 08:50:01][0m Starting GOES Retrieval Cycle...
[0;34m[2026-02-05 08:50:07][0m [0;32mSuccess:[0m Retrieval cycle finished.
[0;34m[2026-02-05 09:00:01][0m Starting GOES Retrieval Cycle...
[0;34m[2026-02-05 09:00:07][0m [0;32mSuccess:[0m Retrieval cycle finished.
[0;34m[2026-02-05 09:10:01][0m Starting GOES Retrieval Cycle...
[0;34m[2026-02-05 09:10:06][0m [0;32mSuccess:[0m Retrieval cycle finished.
[0;34m[2026-02-05 09:20:01][0m Starting GOES Retrieval Cycle...
[0;34m[2026-02-05 09:20:06][0m [0;32mSuccess:[0m Retrieval cycle finished.
[0;34m[2026-02-05 09:30:01][0m Starting GOES Retrieval Cycle...
[0;34m[2026-02-05 09:30:06][0m [0;32mSuccess:[0m Retrieval cycle finished.
[0;34m[2026-02-05 09:40:01][0m Starting GOES Retrieval Cycle...
[0;34m[2026-02-05 09:40:06][0m [0;32mSuccess:[0m Retrieval cycle finished.
[0;34m[2026-02-05 09:50:01][0m Starting GOES Retrieval Cycle...
[0;34m[2026-02-05 09:50:07][0m [0;32mSuccess:[0m Retrieval cycle finished.
[0;34m[2026-02-05 10:00:01][0m Starting GOES Retrieval Cycle...
[0;34m[2026-02-05 10:00:08][0m [0;32mSuccess:[0m Retrieval cycle finished.
[0;34m[2026-02-05 10:10:01][0m Starting GOES Retrieval Cycle...
[0;34m[2026-02-05 10:10:07][0m [0;32mSuccess:[0m Retrieval cycle finished.
[0;34m[2026-02-05 10:20:01][0m Starting GOES Retrieval Cycle...
[0;34m[2026-02-05 10:20:07][0m [0;32mSuccess:[0m Retrieval cycle finished.
[0;34m[2026-02-05 10:30:01][0m Starting GOES Retrieval Cycle...
[0;34m[2026-02-05 10:30:08][0m [0;32mSuccess:[0m Retrieval cycle finished.
[0;34m[2026-02-05 10:40:01][0m Starting GOES Retrieval Cycle...
[0;34m[2026-02-05 10:40:07][0m [0;32mSuccess:[0m Retrieval cycle finished.
[0;34m[2026-02-05 10:50:01][0m Starting GOES Retrieval Cycle...
[0;34m[2026-02-05 10:50:06][0m [0;32mSuccess:[0m Retrieval cycle finished.
[0;34m[2026-02-05 11:00:01][0m Starting GOES Retrieval Cycle...
[0;34m[2026-02-05 11:00:09][0m [0;32mSuccess:[0m Retrieval cycle finished.
[0;34m[2026-02-05 11:10:01][0m Starting GOES Retrieval Cycle...
[0;34m[2026-02-05 11:10:06][0m [0;32mSuccess:[0m Retrieval cycle finished.
[0;34m[2026-02-05 11:20:01][0m Starting GOES Retrieval Cycle...
[0;34m[2026-02-05 11:20:08][0m [0;32mSuccess:[0m Retrieval cycle finished.
[0;34m[2026-02-05 11:30:01][0m Starting GOES Retrieval Cycle...
[0;34m[2026-02-05 11:30:07][0m [0;32mSuccess:[0m Retrieval cycle finished.
[0;34m[2026-02-05 11:40:01][0m Starting GOES Retrieval Cycle...
[0;34m[2026-02-05 11:40:09][0m [0;32mSuccess:[0m Retrieval cycle finished.
[0;34m[2026-02-05 11:50:02][0m Starting GOES Retrieval Cycle...
[0;34m[2026-02-05 11:50:09][0m [0;32mSuccess:[0m Retrieval cycle finished.
[0;34m[2026-02-05 12:00:01][0m Starting GOES Retrieval Cycle...
[0;34m[2026-02-05 12:00:11][0m [0;32mSuccess:[0m Retrieval cycle finished.
[0;34m[2026-02-05 12:10:01][0m Starting GOES Retrieval Cycle...
[0;34m[2026-02-05 12:10:06][0m [0;32mSuccess:[0m Retrieval cycle finished.
[0;34m[2026-02-05 12:20:02][0m Starting GOES Retrieval Cycle...
[0;34m[2026-02-05 12:20:07][0m [0;32mSuccess:[0m Retrieval cycle finished.
[0;34m[2026-02-05 12:30:01][0m Starting GOES Retrieval Cycle...
[0;34m[2026-02-05 12:30:08][0m [0;32mSuccess:[0m Retrieval cycle finished.
[0;34m[2026-02-05 12:40:01][0m Starting GOES Retrieval Cycle...
[0;34m[2026-02-05 12:40:07][0m [0;32mSuccess:[0m Retrieval cycle finished.
[0;34m[2026-02-05 12:50:01][0m Starting GOES Retrieval Cycle...
[0;34m[2026-02-05 12:50:06][0m [0;32mSuccess:[0m Retrieval cycle finished.
[0;34m[2026-02-05 13:00:01][0m Starting GOES Retrieval Cycle...
[0;34m[2026-02-05 13:00:09][0m [0;32mSuccess:[0m Retrieval cycle finished.
[0;34m[2026-02-05 13:10:01][0m Starting GOES Retrieval Cycle...
[0;34m[2026-02-05 13:10:07][0m [0;32mSuccess:[0m Retrieval cycle finished.
[0;34m[2026-02-05 13:20:01][0m Starting GOES Retrieval Cycle...
[0;34m[2026-02-05 13:20:10][0m [0;32mSuccess:[0m Retrieval cycle finished.
[0;34m[2026-02-05 13:30:01][0m Starting GOES Retrieval Cycle...
[0;34m[2026-02-05 13:30:09][0m [0;32mSuccess:[0m Retrieval cycle finished.
[0;34m[2026-02-05 13:40:01][0m Starting GOES Retrieval Cycle...
[0;34m[2026-02-05 13:40:07][0m [0;32mSuccess:[0m Retrieval cycle finished.
[0;34m[2026-02-05 13:50:02][0m Starting GOES Retrieval Cycle...
[0;34m[2026-02-05 13:50:07][0m [0;32mSuccess:[0m Retrieval cycle finished.
[0;34m[2026-02-05 14:00:01][0m Starting GOES Retrieval Cycle...
[0;34m[2026-02-05 14:00:07][0m [0;32mSuccess:[0m Retrieval cycle finished.
[0;34m[2026-02-05 14:10:01][0m Starting GOES Retrieval Cycle...
[0;34m[2026-02-05 14:10:07][0m [0;32mSuccess:[0m Retrieval cycle finished.
[0;34m[2026-02-05 14:20:01][0m Starting GOES Retrieval Cycle...
[0;34m[2026-02-05 14:20:07][0m [0;32mSuccess:[0m Retrieval cycle finished.
[0;34m[2026-02-05 14:30:01][0m Starting GOES Retrieval Cycle...
[0;34m[2026-02-05 14:30:08][0m [0;32mSuccess:[0m Retrieval cycle finished.
[0;34m[2026-02-05 14:40:01][0m Starting GOES Retrieval Cycle...
[0;34m[2026-02-05 14:40:08][0m [0;32mSuccess:[0m Retrieval cycle finished.
[0;34m[2026-02-05 14:50:01][0m Starting GOES Retrieval Cycle...
[0;34m[2026-02-05 14:50:07][0m [0;32mSuccess:[0m Retrieval cycle finished.
[0;34m[2026-02-05 15:00:01][0m Starting GOES Retrieval Cycle...
[0;34m[2026-02-05 15:00:10][0m [0;32mSuccess:[0m Retrieval cycle finished.
[0;34m[2026-02-05 15:10:01][0m Starting GOES Retrieval Cycle...
[0;34m[2026-02-05 15:10:07][0m [0;32mSuccess:[0m Retrieval cycle finished.
[0;34m[2026-02-05 15:20:01][0m Starting GOES Retrieval Cycle...
[0;34m[2026-02-05 15:20:10][0m [0;32mSuccess:[0m Retrieval cycle finished.
[0;34m[2026-02-05 15:30:01][0m Starting GOES Retrieval Cycle...
[0;34m[2026-02-05 15:30:07][0m [0;32mSuccess:[0m Retrieval cycle finished.
[0;34m[2026-02-05 15:40:01][0m Starting GOES Retrieval Cycle...
[0;34m[2026-02-05 15:40:07][0m [0;32mSuccess:[0m Retrieval cycle finished.
[0;34m[2026-02-05 15:50:01][0m Starting GOES Retrieval Cycle...
[0;34m[2026-02-05 15:50:09][0m [0;32mSuccess:[0m Retrieval cycle finished.
[0;34m[2026-02-05 16:00:01][0m Starting GOES Retrieval Cycle...
[0;34m[2026-02-05 16:00:07][0m [0;32mSuccess:[0m Retrieval cycle finished.
[0;34m[2026-02-05 16:10:01][0m Starting GOES Retrieval Cycle...
[0;34m[2026-02-05 16:10:08][0m [0;32mSuccess:[0m Retrieval cycle finished.
[0;34m[2026-02-05 16:20:01][0m Starting GOES Retrieval Cycle...
[0;34m[2026-02-05 16:20:07][0m [0;32mSuccess:[0m Retrieval cycle finished.
[0;34m[2026-02-05 16:30:02][0m Starting GOES Retrieval Cycle...
[0;34m[2026-02-05 16:30:08][0m [0;32mSuccess:[0m Retrieval cycle finished.
[0;34m[2026-02-05 16:40:01][0m Starting GOES Retrieval Cycle...
[0;34m[2026-02-05 16:40:07][0m [0;32mSuccess:[0m Retrieval cycle finished.
[0;34m[2026-02-05 16:50:01][0m Starting GOES Retrieval Cycle...
[0;34m[2026-02-05 16:50:07][0m [0;32mSuccess:[0m Retrieval cycle finished.
[0;34m[2026-02-05 17:00:01][0m Starting GOES Retrieval Cycle...
[0;34m[2026-02-05 17:00:07][0m [0;32mSuccess:[0m Retrieval cycle finished.
[0;34m[2026-02-05 17:10:01][0m Starting GOES Retrieval Cycle...
[0;34m[2026-02-05 17:10:06][0m [0;32mSuccess:[0m Retrieval cycle finished.
[0;34m[2026-02-05 17:20:01][0m Starting GOES Retrieval Cycle...
[0;34m[2026-02-05 17:20:06][0m [0;32mSuccess:[0m Retrieval cycle finished.
[0;34m[2026-02-05 17:30:01][0m Starting GOES Retrieval Cycle...
[0;34m[2026-02-05 17:30:06][0m [0;32mSuccess:[0m Retrieval cycle finished.
[0;34m[2026-02-05 17:40:01][0m Starting GOES Retrieval Cycle...
[0;34m[2026-02-05 17:40:08][0m [0;32mSuccess:[0m Retrieval cycle finished.
[0;34m[2026-02-05 18:20:01][0m Starting GOES Retrieval Cycle...
[0;34m[2026-02-05 18:20:10][0m [0;32mSuccess:[0m Retrieval cycle finished.
[0;34m[2026-02-05 18:30:01][0m Starting GOES Retrieval Cycle...
[0;34m[2026-02-05 18:30:06][0m [0;32mSuccess:[0m Retrieval cycle finished.
[0;34m[2026-02-05 18:40:01][0m Starting GOES Retrieval Cycle...
[0;34m[2026-02-05 18:40:06][0m [0;32mSuccess:[0m Retrieval cycle finished.
[0;34m[2026-02-05 18:50:01][0m Starting GOES Retrieval Cycle...
[0;34m[2026-02-05 18:50:05][0m [0;32mSuccess:[0m Retrieval cycle finished.
[0;34m[2026-02-05 19:00:01][0m Starting GOES Retrieval Cycle...
[0;34m[2026-02-05 19:00:09][0m [0;32mSuccess:[0m Retrieval cycle finished.
[0;34m[2026-02-05 19:10:01][0m Starting GOES Retrieval Cycle...
[0;34m[2026-02-05 19:10:07][0m [0;32mSuccess:[0m Retrieval cycle finished.
[0;34m[2026-02-05 19:20:01][0m Starting GOES Retrieval Cycle...
[0;34m[2026-02-05 19:20:06][0m [0;32mSuccess:[0m Retrieval cycle finished.
[0;34m[2026-02-05 19:30:01][0m Starting GOES Retrieval Cycle...
[0;34m[2026-02-05 19:30:07][0m [0;32mSuccess:[0m Retrieval cycle finished.
[0;34m[2026-02-05 19:40:01][0m Starting GOES Retrieval Cycle...
[0;34m[2026-02-05 19:40:08][0m [0;32mSuccess:[0m Retrieval cycle finished.
[0;34m[2026-02-05 19:50:01][0m Starting GOES Retrieval Cycle...
[0;34m[2026-02-05 19:50:07][0m [0;32mSuccess:[0m Retrieval cycle finished.
[0;34m[2026-02-05 20:00:02][0m Starting GOES Retrieval Cycle...
[0;34m[2026-02-05 20:00:09][0m [0;32mSuccess:[0m Retrieval cycle finished.
[0;34m[2026-02-05 20:10:01][0m Starting GOES Retrieval Cycle...
[0;34m[2026-02-05 20:10:07][0m [0;32mSuccess:[0m Retrieval cycle finished.
[0;34m[2026-02-05 20:20:01][0m Starting GOES Retrieval Cycle...
[0;34m[2026-02-05 20:20:06][0m [0;32mSuccess:[0m Retrieval cycle finished.
[0;34m[2026-02-05 20:30:02][0m Starting GOES Retrieval Cycle...
[0;34m[2026-02-05 20:30:08][0m [0;32mSuccess:[0m Retrieval cycle finished.
[0;34m[2026-02-05 20:40:01][0m Starting GOES Retrieval Cycle...
[0;34m[2026-02-05 20:40:07][0m [0;32mSuccess:[0m Retrieval cycle finished.
[0;34m[2026-02-05 20:50:02][0m Starting GOES Retrieval Cycle...
[0;34m[2026-02-05 20:50:08][0m [0;32mSuccess:[0m Retrieval cycle finished.
[0;34m[2026-02-05 21:00:01][0m Starting GOES Retrieval Cycle...
[0;34m[2026-02-05 21:00:06][0m [0;32mSuccess:[0m Retrieval cycle finished.
[0;34m[2026-02-05 21:10:01][0m Starting GOES Retrieval Cycle...
[0;34m[2026-02-05 21:10:07][0m [0;32mSuccess:[0m Retrieval cycle finished.
[0;34m[2026-02-05 21:20:01][0m Starting GOES Retrieval Cycle...
[0;34m[2026-02-05 21:20:06][0m [0;32mSuccess:[0m Retrieval cycle finished.
[0;34m[2026-02-05 21:30:01][0m Starting GOES Retrieval Cycle...
[0;34m[2026-02-05 21:30:07][0m [0;32mSuccess:[0m Retrieval cycle finished.
[0;34m[2026-02-05 21:40:01][0m Starting GOES Retrieval Cycle...
[0;34m[2026-02-05 21:40:06][0m [0;32mSuccess:[0m Retrieval cycle finished.
[0;34m[2026-02-05 21:50:01][0m Starting GOES Retrieval Cycle...
[0;34m[2026-02-05 21:50:06][0m [0;32mSuccess:[0m Retrieval cycle finished.
[0;34m[2026-02-05 22:00:02][0m Starting GOES Retrieval Cycle...
[0;34m[2026-02-05 22:00:07][0m [0;32mSuccess:[0m Retrieval cycle finished.
[0;34m[2026-02-05 22:10:01][0m Starting GOES Retrieval Cycle...
[0;34m[2026-02-05 22:10:07][0m [0;32mSuccess:[0m Retrieval cycle finished.
[0;34m[2026-02-05 22:20:01][0m Starting GOES Retrieval Cycle...
[0;34m[2026-02-05 22:20:07][0m [0;32mSuccess:[0m Retrieval cycle finished.
[0;34m[2026-02-05 22:30:01][0m Starting GOES Retrieval Cycle...
[0;34m[2026-02-05 22:30:07][0m [0;32mSuccess:[0m Retrieval cycle finished.
[0;34m[2026-02-05 22:40:01][0m Starting GOES Retrieval Cycle...
[0;34m[2026-02-05 22:40:05][0m [0;32mSuccess:[0m Retrieval cycle finished.
[0;34m[2026-02-05 22:50:01][0m Starting GOES Retrieval Cycle...
[0;34m[2026-02-05 22:50:05][0m [0;32mSuccess:[0m Retrieval cycle finished.
[0;34m[2026-02-05 23:00:01][0m Starting GOES Retrieval Cycle...
[0;34m[2026-02-05 23:00:07][0m [0;32mSuccess:[0m Retrieval cycle finished.
[0;34m[2026-02-05 23:10:01][0m Starting GOES Retrieval Cycle...
[0;34m[2026-02-05 23:10:07][0m [0;32mSuccess:[0m Retrieval cycle finished.
[0;34m[2026-02-05 23:20:01][0m Starting GOES Retrieval Cycle...
[0;34m[2026-02-05 23:20:09][0m [0;32mSuccess:[0m Retrieval cycle finished.
[0;34m[2026-02-05 23:30:01][0m Starting GOES Retrieval Cycle...
[0;34m[2026-02-05 23:30:08][0m [0;32mSuccess:[0m Retrieval cycle finished.
[0;34m[2026-02-05 23:40:01][0m Starting GOES Retrieval Cycle...
[0;34m[2026-02-05 23:40:05][0m [0;32mSuccess:[0m Retrieval cycle finished.
[0;34m[2026-02-05 23:50:01][0m Starting GOES Retrieval Cycle...
[0;34m[2026-02-05 23:50:06][0m [0;32mSuccess:[0m Retrieval cycle finished.
[0;34m[2026-02-06 00:00:01][0m Starting GOES Retrieval Cycle...
[0;34m[2026-02-06 00:00:08][0m [0;32mSuccess:[0m Retrieval cycle finished.
[0;34m[2026-02-06 00:10:01][0m Starting GOES Retrieval Cycle...
[0;34m[2026-02-06 00:10:06][0m [0;32mSuccess:[0m Retrieval cycle finished.
[0;34m[2026-02-06 00:20:01][0m Starting GOES Retrieval Cycle...
[0;34m[2026-02-06 00:20:07][0m [0;32mSuccess:[0m Retrieval cycle finished.
[0;34m[2026-02-06 00:30:01][0m Starting GOES Retrieval Cycle...
[0;34m[2026-02-06 00:30:07][0m [0;32mSuccess:[0m Retrieval cycle finished.
[0;34m[2026-02-06 00:40:01][0m Starting GOES Retrieval Cycle...
[0;34m[2026-02-06 00:40:07][0m [0;32mSuccess:[0m Retrieval cycle finished.
[0;34m[2026-02-06 00:50:01][0m Starting GOES Retrieval Cycle...
[0;34m[2026-02-06 00:50:06][0m [0;32mSuccess:[0m Retrieval cycle finished.
[0;34m[2026-02-06 01:00:01][0m Starting GOES Retrieval Cycle...
[0;34m[2026-02-06 01:00:06][0m [0;32mSuccess:[0m Retrieval cycle finished.
[0;34m[2026-02-06 01:10:01][0m Starting GOES Retrieval Cycle...
[0;34m[2026-02-06 01:10:06][0m [0;32mSuccess:[0m Retrieval cycle finished.
[0;34m[2026-02-06 01:20:01][0m Starting GOES Retrieval Cycle...
[0;34m[2026-02-06 01:20:05][0m [0;32mSuccess:[0m Retrieval cycle finished.
[0;34m[2026-02-06 01:30:02][0m Starting GOES Retrieval Cycle...
[0;34m[2026-02-06 01:30:06][0m [0;32mSuccess:[0m Retrieval cycle finished.
[0;34m[2026-02-06 01:40:01][0m Starting GOES Retrieval Cycle...
[0;34m[2026-02-06 01:40:06][0m [0;32mSuccess:[0m Retrieval cycle finished.
[0;34m[2026-02-06 01:50:01][0m Starting GOES Retrieval Cycle...
[0;34m[2026-02-06 01:50:05][0m [0;32mSuccess:[0m Retrieval cycle finished.
[0;34m[2026-02-06 02:00:01][0m Starting GOES Retrieval Cycle...
[0;34m[2026-02-06 02:00:06][0m [0;32mSuccess:[0m Retrieval cycle finished.
[0;34m[2026-02-06 02:10:01][0m Starting GOES Retrieval Cycle...
[0;34m[2026-02-06 02:10:05][0m [0;32mSuccess:[0m Retrieval cycle finished.
[0;34m[2026-02-06 02:20:01][0m Starting GOES Retrieval Cycle...
[0;34m[2026-02-06 02:20:05][0m [0;32mSuccess:[0m Retrieval cycle finished.
[0;34m[2026-02-06 02:30:01][0m Starting GOES Retrieval Cycle...
[0;34m[2026-02-06 02:30:07][0m [0;32mSuccess:[0m Retrieval cycle finished.
[0;34m[2026-02-06 02:40:01][0m Starting GOES Retrieval Cycle...
[0;34m[2026-02-06 02:40:08][0m [0;32mSuccess:[0m Retrieval cycle finished.
[0;34m[2026-02-06 02:50:01][0m Starting GOES Retrieval Cycle...
[0;34m[2026-02-06 02:50:05][0m [0;32mSuccess:[0m Retrieval cycle finished.
[0;34m[2026-02-06 03:00:02][0m Starting GOES Retrieval Cycle...
[0;34m[2026-02-06 03:00:07][0m [0;32mSuccess:[0m Retrieval cycle finished.
[0;34m[2026-02-06 03:10:01][0m Starting GOES Retrieval Cycle...
[0;34m[2026-02-06 03:10:07][0m [0;32mSuccess:[0m Retrieval cycle finished.
[0;34m[2026-02-06 03:20:01][0m Starting GOES Retrieval Cycle...
[0;34m[2026-02-06 03:20:05][0m [0;32mSuccess:[0m Retrieval cycle finished.
[0;34m[2026-02-06 03:30:01][0m Starting GOES Retrieval Cycle...
[0;34m[2026-02-06 03:30:08][0m [0;32mSuccess:[0m Retrieval cycle finished.
[0;34m[2026-02-06 03:40:01][0m Starting GOES Retrieval Cycle...
[0;34m[2026-02-06 03:40:06][0m [0;32mSuccess:[0m Retrieval cycle finished.
[0;34m[2026-02-06 03:50:01][0m Starting GOES Retrieval Cycle...
[0;34m[2026-02-06 03:50:05][0m [0;32mSuccess:[0m Retrieval cycle finished.
[0;34m[2026-02-06 04:00:01][0m Starting GOES Retrieval Cycle...
[0;34m[2026-02-06 04:00:07][0m [0;32mSuccess:[0m Retrieval cycle finished.
[0;34m[2026-02-06 04:10:02][0m Starting GOES Retrieval Cycle...
[0;34m[2026-02-06 04:10:06][0m [0;32mSuccess:[0m Retrieval cycle finished.
[0;34m[2026-02-06 04:20:01][0m Starting GOES Retrieval Cycle...
[0;34m[2026-02-06 04:20:06][0m [0;32mSuccess:[0m Retrieval cycle finished.
[0;34m[2026-02-06 04:30:01][0m Starting GOES Retrieval Cycle...
[0;34m[2026-02-06 04:30:07][0m [0;32mSuccess:[0m Retrieval cycle finished.
[0;34m[2026-02-06 04:40:01][0m Starting GOES Retrieval Cycle...
[0;34m[2026-02-06 04:40:06][0m [0;32mSuccess:[0m Retrieval cycle finished.
[0;34m[2026-02-06 04:50:01][0m Starting GOES Retrieval Cycle...
[0;34m[2026-02-06 04:50:05][0m [0;32mSuccess:[0m Retrieval cycle finished.
[0;34m[2026-02-06 05:00:01][0m Starting GOES Retrieval Cycle...
[0;34m[2026-02-06 05:00:07][0m [0;32mSuccess:[0m Retrieval cycle finished.
[0;34m[2026-02-06 05:10:01][0m Starting GOES Retrieval Cycle...
[0;34m[2026-02-06 05:10:06][0m [0;32mSuccess:[0m Retrieval cycle finished.
[0;34m[2026-02-06 05:20:01][0m Starting GOES Retrieval Cycle...
[0;34m[2026-02-06 05:20:05][0m [0;32mSuccess:[0m Retrieval cycle finished.
[0;34m[2026-02-06 05:30:01][0m Starting GOES Retrieval Cycle...
[0;34m[2026-02-06 05:30:07][0m [0;32mSuccess:[0m Retrieval cycle finished.
[0;34m[2026-02-06 05:40:01][0m Starting GOES Retrieval Cycle...
[0;34m[2026-02-06 05:40:05][0m [0;32mSuccess:[0m Retrieval cycle finished.
[0;34m[2026-02-06 05:50:02][0m Starting GOES Retrieval Cycle...
[0;34m[2026-02-06 05:50:06][0m [0;32mSuccess:[0m Retrieval cycle finished.
[0;34m[2026-02-06 06:00:01][0m Starting GOES Retrieval Cycle...
[0;34m[2026-02-06 06:00:08][0m [0;32mSuccess:[0m Retrieval cycle finished.
[0;34m[2026-02-06 06:10:01][0m Starting GOES Retrieval Cycle...
[0;34m[2026-02-06 06:10:06][0m [0;32mSuccess:[0m Retrieval cycle finished.
[0;34m[2026-02-06 06:20:01][0m Starting GOES Retrieval Cycle...
[0;34m[2026-02-06 06:20:06][0m [0;32mSuccess:[0m Retrieval cycle finished.
[0;34m[2026-02-06 06:30:01][0m Starting GOES Retrieval Cycle...
[0;34m[2026-02-06 06:30:07][0m [0;32mSuccess:[0m Retrieval cycle finished.
[0;34m[2026-02-06 06:40:01][0m Starting GOES Retrieval Cycle...
[0;34m[2026-02-06 06:40:06][0m [0;32mSuccess:[0m Retrieval cycle finished.
[0;34m[2026-02-06 06:50:01][0m Starting GOES Retrieval Cycle...
[0;34m[2026-02-06 06:50:07][0m [0;32mSuccess:[0m Retrieval cycle finished.
[0;34m[2026-02-06 07:00:01][0m Starting GOES Retrieval Cycle...
[0;34m[2026-02-06 07:00:07][0m [0;32mSuccess:[0m Retrieval cycle finished.
[0;34m[2026-02-06 07:10:01][0m Starting GOES Retrieval Cycle...
[0;34m[2026-02-06 07:10:06][0m [0;32mSuccess:[0m Retrieval cycle finished.
[0;34m[2026-02-06 07:20:01][0m Starting GOES Retrieval Cycle...
[0;34m[2026-02-06 07:20:06][0m [0;32mSuccess:[0m Retrieval cycle finished.
[0;34m[2026-02-06 07:30:01][0m Starting GOES Retrieval Cycle...
[0;34m[2026-02-06 07:30:08][0m [0;32mSuccess:[0m Retrieval cycle finished.
[0;34m[2026-02-06 07:40:01][0m Starting GOES Retrieval Cycle...
[0;34m[2026-02-06 07:40:05][0m [0;32mSuccess:[0m Retrieval cycle finished.
[0;34m[2026-02-06 07:50:01][0m Starting GOES Retrieval Cycle...
[0;34m[2026-02-06 07:50:06][0m [0;32mSuccess:[0m Retrieval cycle finished.
[0;34m[2026-02-06 08:00:01][0m Starting GOES Retrieval Cycle...
[0;34m[2026-02-06 08:00:11][0m [0;32mSuccess:[0m Retrieval cycle finished.
[0;34m[2026-02-06 08:10:01][0m Starting GOES Retrieval Cycle...
[0;34m[2026-02-06 08:10:05][0m [0;32mSuccess:[0m Retrieval cycle finished.
[0;34m[2026-02-06 08:20:01][0m Starting GOES Retrieval Cycle...
[0;34m[2026-02-06 08:20:06][0m [0;32mSuccess:[0m Retrieval cycle finished.
[0;34m[2026-02-06 08:30:01][0m Starting GOES Retrieval Cycle...
[0;34m[2026-02-06 08:30:06][0m [0;32mSuccess:[0m Retrieval cycle finished.
